NPDevs/app/build/outputs/logs/manifest-merger-debug-report.txt
-- Merging decision tree log ---
manifest
ADDED from src\main\AndroidManifest.xml:2:1-158:12
INJECTED from src\main\AndroidManifest.xml:2:1-158:12
INJECTED from src\main\AndroidManifest.xml:2:1-158:12
INJECTED from src\main\AndroidManifest.xml:2:1-158:12
MERGED from src\main\AndroidManifest.xml:2:1-158:12
MERGED from [com.google.android.material:material:1.1.0-alpha05] AndroidManifest.xml:17:1-24:12
MERGED from [androidx.appcompat:appcompat:1.1.0-alpha04] AndroidManifest.xml:17:1-22:12
MERGED from [androidx.constraintlayout:constraintlayout:1.1.3] AndroidManifest.xml:2:1-11:12
MERGED from [com.google.firebase:firebase-database:16.1.0] AndroidManifest.xml:15:1-36:12
MERGED from [com.google.android.gms:play-services-maps:16.1.0] AndroidManifest.xml:17:1-38:12
MERGED from [com.google.firebase:firebase-core:16.0.8] AndroidManifest.xml:2:1-9:12
MERGED from [com.google.firebase:firebase-analytics:16.4.0] AndroidManifest.xml:2:1-9:12
MERGED from [com.google.android.gms:play-services-measurement-api:16.4.0] AndroidManifest.xml:17:1-36:12
MERGED from [com.google.firebase:firebase-iid:17.0.3] AndroidManifest.xml:17:1-59:12
MERGED from [com.google.firebase:firebase-iid-interop:16.0.1] AndroidManifest.xml:2:1-10:12
MERGED from [com.google.android.gms:play-services-base:16.0.1] AndroidManifest.xml:17:1-29:12
MERGED from [com.google.firebase:firebase-common:16.1.0] AndroidManifest.xml:2:1-19:12
MERGED from [com.google.android.gms:play-services-tasks:16.0.1] AndroidManifest.xml:2:1-9:12
MERGED from [com.google.android.gms:play-services-measurement:16.4.0] AndroidManifest.xml:17:1-55:12
MERGED from [com.google.android.gms:play-services-measurement-sdk:16.4.0] AndroidManifest.xml:17:1-25:12
MERGED from [com.google.android.gms:play-services-measurement-impl:16.4.0] AndroidManifest.xml:17:1-40:12
MERGED from [com.google.android.gms:play-services-measurement-sdk-api:16.4.0] AndroidManifest.xml:17:1-30:12
MERGED from [com.google.android.gms:play-services-measurement-base:16.4.0] AndroidManifest.xml:2:1-9:12
MERGED from [com.google.android.gms:play-services-stats:16.0.1] AndroidManifest.xml:2:1-9:12
MERGED from [com.google.firebase:firebase-measurement-connector:17.0.1] AndroidManifest.xml:17:1-25:12
MERGED from [com.google.android.gms:play-services-ads-identifier:16.0.0] AndroidManifest.xml:17:1-24:12
MERGED from [com.google.android.gms:play-services-basement:16.2.0] AndroidManifest.xml:17:1-28:12
MERGED from [androidx.legacy:legacy-support-v4:1.0.0] AndroidManifest.xml:17:1-22:12
MERGED from [androidx.recyclerview:recyclerview:1.1.0-alpha04] AndroidManifest.xml:17:1-22:12
MERGED from [androidx.fragment:fragment:1.1.0-alpha06] AndroidManifest.xml:17:1-22:12
MERGED from [androidx.appcompat:appcompat-resources:1.1.0-alpha04] AndroidManifest.xml:17:1-22:12
MERGED from [androidx.legacy:legacy-support-core-ui:1.0.0] AndroidManifest.xml:17:1-22:12
MERGED from [androidx.drawerlayout:drawerlayout:1.0.0] AndroidManifest.xml:17:1-22:12
MERGED from [androidx.media:media:1.0.0] AndroidManifest.xml:17:1-22:12
MERGED from [androidx.legacy:legacy-support-core-utils:1.0.0] AndroidManifest.xml:17:1-22:12
MERGED from [androidx.coordinatorlayout:coordinatorlayout:1.1.0-alpha01] AndroidManifest.xml:17:1-22:12
MERGED from [androidx.transition:transition:1.0.1] AndroidManifest.xml:17:1-22:12
MERGED from [androidx.vectordrawable:vectordrawable-animated:1.1.0-alpha01] AndroidManifest.xml:17:1-22:12
MERGED from [androidx.vectordrawable:vectordrawable:1.1.0-alpha01] AndroidManifest.xml:17:1-22:12
MERGED from [androidx.viewpager:viewpager:1.0.0] AndroidManifest.xml:17:1-22:12
MERGED from [androidx.slidingpanelayout:slidingpanelayout:1.0.0] AndroidManifest.xml:17:1-22:12
MERGED from [androidx.customview:customview:1.0.0] AndroidManifest.xml:17:1-22:12
MERGED from [androidx.loader:loader:1.0.0] AndroidManifest.xml:17:1-22:12
MERGED from [androidx.activity:activity:1.0.0-alpha06] AndroidManifest.xml:17:1-22:12
MERGED from [androidx.swiperefreshlayout:swiperefreshlayout:1.0.0] AndroidManifest.xml:17:1-22:12
MERGED from [androidx.asynclayoutinflater:asynclayoutinflater:1.0.0] AndroidManifest.xml:17:1-22:12
MERGED from [androidx.core:core:1.1.0-alpha05] AndroidManifest.xml:17:1-24:12
MERGED from [androidx.cursoradapter:cursoradapter:1.0.0] AndroidManifest.xml:17:1-22:12
MERGED from [androidx.cardview:cardview:1.0.0] AndroidManifest.xml:17:1-22:12
MERGED from [androidx.versionedparcelable:versionedparcelable:1.1.0-alpha02] AndroidManifest.xml:17:1-25:12
MERGED from [androidx.documentfile:documentfile:1.0.0] AndroidManifest.xml:17:1-22:12
MERGED from [androidx.localbroadcastmanager:localbroadcastmanager:1.0.0] AndroidManifest.xml:17:1-22:12
MERGED from [androidx.print:print:1.0.0] AndroidManifest.xml:17:1-22:12
MERGED from [androidx.interpolator:interpolator:1.0.0] AndroidManifest.xml:17:1-22:12
MERGED from [androidx.lifecycle:lifecycle-livedata:2.0.0] AndroidManifest.xml:17:1-22:12
MERGED from [androidx.lifecycle:lifecycle-runtime:2.1.0-alpha04] AndroidManifest.xml:17:1-22:12
MERGED from [androidx.savedstate:savedstate:1.0.0-alpha02] AndroidManifest.xml:17:1-22:12
MERGED from [androidx.lifecycle:lifecycle-livedata-core:2.0.0] AndroidManifest.xml:17:1-22:12
MERGED from [androidx.arch.core:core-runtime:2.0.0] AndroidManifest.xml:17:1-22:12
MERGED from [androidx.lifecycle:lifecycle-viewmodel:2.1.0-alpha04] AndroidManifest.xml:17:1-22:12
MERGED from [com.google.firebase:firebase-database-collection:16.0.1] AndroidManifest.xml:2:1-7:12
INJECTED from src\debug\AndroidManifest.xml:2:1-9:12
INJECTED from src\debug\AndroidManifest.xml:2:1-9:12
INJECTED from src\debug\AndroidManifest.xml:2:1-9:12
	package
		ADDED from src\main\AndroidManifest.xml:3:5-38
		INJECTED from src\main\AndroidManifest.xml
		ADDED from src\main\AndroidManifest.xml:3:5-38
		INJECTED from src\debug\AndroidManifest.xml
	android:versionName
		INJECTED from src\main\AndroidManifest.xml
		ADDED from src\main\AndroidManifest.xml:2:1-158:12
		INJECTED from src\debug\AndroidManifest.xml
	android:versionCode
		INJECTED from src\main\AndroidManifest.xml
		ADDED from src\main\AndroidManifest.xml:2:1-158:12
		INJECTED from src\debug\AndroidManifest.xml
	xmlns:android
		ADDED from src\main\AndroidManifest.xml:2:11-69
uses-permission#android.permission.ACCESS_FINE_LOCATION
ADDED from src\main\AndroidManifest.xml:9:5-79
	android:name
		ADDED from src\main\AndroidManifest.xml:9:22-76
application
ADDED from src\main\AndroidManifest.xml:11:5-156:19
MERGED from src\main\AndroidManifest.xml:11:5-156:19
MERGED from src\main\AndroidManifest.xml:11:5-156:19
MERGED from [com.google.android.material:material:1.1.0-alpha05] AndroidManifest.xml:22:5-20
MERGED from [com.google.android.material:material:1.1.0-alpha05] AndroidManifest.xml:22:5-20
MERGED from [androidx.constraintlayout:constraintlayout:1.1.3] AndroidManifest.xml:9:5-20
MERGED from [androidx.constraintlayout:constraintlayout:1.1.3] AndroidManifest.xml:9:5-20
MERGED from [com.google.firebase:firebase-database:16.1.0] AndroidManifest.xml:28:5-34:19
MERGED from [com.google.firebase:firebase-database:16.1.0] AndroidManifest.xml:28:5-34:19
MERGED from [com.google.android.gms:play-services-maps:16.1.0] AndroidManifest.xml:30:5-36:19
MERGED from [com.google.android.gms:play-services-maps:16.1.0] AndroidManifest.xml:30:5-36:19
MERGED from [com.google.firebase:firebase-core:16.0.8] AndroidManifest.xml:7:5-20
MERGED from [com.google.firebase:firebase-core:16.0.8] AndroidManifest.xml:7:5-20
MERGED from [com.google.firebase:firebase-analytics:16.4.0] AndroidManifest.xml:7:5-20
MERGED from [com.google.firebase:firebase-analytics:16.4.0] AndroidManifest.xml:7:5-20
MERGED from [com.google.android.gms:play-services-measurement-api:16.4.0] AndroidManifest.xml:26:5-34:19
MERGED from [com.google.android.gms:play-services-measurement-api:16.4.0] AndroidManifest.xml:26:5-34:19
MERGED from [com.google.firebase:firebase-iid:17.0.3] AndroidManifest.xml:28:5-57:19
MERGED from [com.google.firebase:firebase-iid:17.0.3] AndroidManifest.xml:28:5-57:19
MERGED from [com.google.firebase:firebase-iid-interop:16.0.1] AndroidManifest.xml:7:5-8:19
MERGED from [com.google.firebase:firebase-iid-interop:16.0.1] AndroidManifest.xml:7:5-8:19
MERGED from [com.google.android.gms:play-services-base:16.0.1] AndroidManifest.xml:22:5-27:19
MERGED from [com.google.android.gms:play-services-base:16.0.1] AndroidManifest.xml:22:5-27:19
MERGED from [com.google.firebase:firebase-common:16.1.0] AndroidManifest.xml:11:5-17:19
MERGED from [com.google.firebase:firebase-common:16.1.0] AndroidManifest.xml:11:5-17:19
MERGED from [com.google.android.gms:play-services-tasks:16.0.1] AndroidManifest.xml:7:5-20
MERGED from [com.google.android.gms:play-services-tasks:16.0.1] AndroidManifest.xml:7:5-20
MERGED from [com.google.android.gms:play-services-measurement:16.4.0] AndroidManifest.xml:28:5-53:19
MERGED from [com.google.android.gms:play-services-measurement:16.4.0] AndroidManifest.xml:28:5-53:19
MERGED from [com.google.android.gms:play-services-measurement-sdk:16.4.0] AndroidManifest.xml:22:5-23:19
MERGED from [com.google.android.gms:play-services-measurement-sdk:16.4.0] AndroidManifest.xml:22:5-23:19
MERGED from [com.google.android.gms:play-services-measurement-impl:16.4.0] AndroidManifest.xml:28:5-38:19
MERGED from [com.google.android.gms:play-services-measurement-impl:16.4.0] AndroidManifest.xml:28:5-38:19
MERGED from [com.google.android.gms:play-services-measurement-sdk-api:16.4.0] AndroidManifest.xml:27:5-28:19
MERGED from [com.google.android.gms:play-services-measurement-sdk-api:16.4.0] AndroidManifest.xml:27:5-28:19
MERGED from [com.google.android.gms:play-services-measurement-base:16.4.0] AndroidManifest.xml:7:5-20
MERGED from [com.google.android.gms:play-services-measurement-base:16.4.0] AndroidManifest.xml:7:5-20
MERGED from [com.google.android.gms:play-services-stats:16.0.1] AndroidManifest.xml:7:5-20
MERGED from [com.google.android.gms:play-services-stats:16.0.1] AndroidManifest.xml:7:5-20
MERGED from [com.google.firebase:firebase-measurement-connector:17.0.1] AndroidManifest.xml:22:5-23:19
MERGED from [com.google.firebase:firebase-measurement-connector:17.0.1] AndroidManifest.xml:22:5-23:19
MERGED from [com.google.android.gms:play-services-ads-identifier:16.0.0] AndroidManifest.xml:22:5-20
MERGED from [com.google.android.gms:play-services-ads-identifier:16.0.0] AndroidManifest.xml:22:5-20
MERGED from [com.google.android.gms:play-services-basement:16.2.0] AndroidManifest.xml:22:5-26:19
MERGED from [com.google.android.gms:play-services-basement:16.2.0] AndroidManifest.xml:22:5-26:19
MERGED from [androidx.core:core:1.1.0-alpha05] AndroidManifest.xml:22:5-89
MERGED from [androidx.core:core:1.1.0-alpha05] AndroidManifest.xml:22:5-89
MERGED from [androidx.versionedparcelable:versionedparcelable:1.1.0-alpha02] AndroidManifest.xml:22:5-23:19
MERGED from [androidx.versionedparcelable:versionedparcelable:1.1.0-alpha02] AndroidManifest.xml:22:5-23:19
	android:appComponentFactory
		ADDED from [androidx.core:core:1.1.0-alpha05] AndroidManifest.xml:22:18-86
	android:supportsRtl
		ADDED from src\main\AndroidManifest.xml:16:9-35
		ADDED from src\main\AndroidManifest.xml:16:9-35
	android:label
		ADDED from src\main\AndroidManifest.xml:14:9-41
		ADDED from src\main\AndroidManifest.xml:14:9-41
	android:roundIcon
		ADDED from src\main\AndroidManifest.xml:15:9-54
		ADDED from src\main\AndroidManifest.xml:15:9-54
	android:icon
		ADDED from src\main\AndroidManifest.xml:13:9-43
		ADDED from src\main\AndroidManifest.xml:13:9-43
	android:allowBackup
		ADDED from src\main\AndroidManifest.xml:12:9-35
		ADDED from src\main\AndroidManifest.xml:12:9-35
	android:theme
		ADDED from src\main\AndroidManifest.xml:17:9-40
		ADDED from src\main\AndroidManifest.xml:17:9-40
activity#com.npdevs.mnnitcentral.TimeTableAdd
ADDED from src\main\AndroidManifest.xml:18:9-59
	android:name
		ADDED from src\main\AndroidManifest.xml:18:19-47
activity#com.npdevs.mnnitcentral.Resources
ADDED from src\main\AndroidManifest.xml:19:9-47
	android:name
		ADDED from src\main\AndroidManifest.xml:19:19-44
activity#com.npdevs.mnnitcentral.Devlopers
ADDED from src\main\AndroidManifest.xml:20:9-47
	android:name
		ADDED from src\main\AndroidManifest.xml:20:19-44
activity#com.npdevs.mnnitcentral.Institution
ADDED from src\main\AndroidManifest.xml:21:9-49
	android:name
		ADDED from src\main\AndroidManifest.xml:21:19-46
activity#com.npdevs.mnnitcentral.About
ADDED from src\main\AndroidManifest.xml:22:9-43
	android:name
		ADDED from src\main\AndroidManifest.xml:22:19-40
activity#com.npdevs.mnnitcentral.EventAdmin
ADDED from src\main\AndroidManifest.xml:23:9-48
	android:name
		ADDED from src\main\AndroidManifest.xml:23:19-45
activity#com.npdevs.mnnitcentral.StartupFair
ADDED from src\main\AndroidManifest.xml:24:9-49
	android:name
		ADDED from src\main\AndroidManifest.xml:24:19-46
activity#com.npdevs.mnnitcentral.StallMart
ADDED from src\main\AndroidManifest.xml:25:9-47
	android:name
		ADDED from src\main\AndroidManifest.xml:25:19-44
activity#com.npdevs.mnnitcentral.PanelDiscussion
ADDED from src\main\AndroidManifest.xml:26:9-53
	android:name
		ADDED from src\main\AndroidManifest.xml:26:19-50
activity#com.npdevs.mnnitcentral.MockIplAuction
ADDED from src\main\AndroidManifest.xml:27:9-52
	android:name
		ADDED from src\main\AndroidManifest.xml:27:19-49
activity#com.npdevs.mnnitcentral.Etalk
ADDED from src\main\AndroidManifest.xml:28:9-43
	android:name
		ADDED from src\main\AndroidManifest.xml:28:19-40
activity#com.npdevs.mnnitcentral.Eplan
ADDED from src\main\AndroidManifest.xml:29:9-43
	android:name
		ADDED from src\main\AndroidManifest.xml:29:19-40
activity#com.npdevs.mnnitcentral.DeaAndDesign
ADDED from src\main\AndroidManifest.xml:30:9-50
	android:name
		ADDED from src\main\AndroidManifest.xml:30:19-47
activity#com.npdevs.mnnitcentral.Posiden
ADDED from src\main\AndroidManifest.xml:31:9-45
	android:name
		ADDED from src\main\AndroidManifest.xml:31:19-42
activity#com.npdevs.mnnitcentral.Narc
ADDED from src\main\AndroidManifest.xml:32:9-42
	android:name
		ADDED from src\main\AndroidManifest.xml:32:19-39
activity#com.npdevs.mnnitcentral.Extempore
ADDED from src\main\AndroidManifest.xml:33:9-47
	android:name
		ADDED from src\main\AndroidManifest.xml:33:19-44
activity#com.npdevs.mnnitcentral.Curosity
ADDED from src\main\AndroidManifest.xml:34:9-46
	android:name
		ADDED from src\main\AndroidManifest.xml:34:19-43
activity#com.npdevs.mnnitcentral.CodeWarz
ADDED from src\main\AndroidManifest.xml:35:9-46
	android:name
		ADDED from src\main\AndroidManifest.xml:35:19-43
activity#com.npdevs.mnnitcentral.Kavyanjali
ADDED from src\main\AndroidManifest.xml:36:9-48
	android:name
		ADDED from src\main\AndroidManifest.xml:36:19-45
activity#com.npdevs.mnnitcentral.Vaktavya
ADDED from src\main\AndroidManifest.xml:37:9-46
	android:name
		ADDED from src\main\AndroidManifest.xml:37:19-43
activity#com.npdevs.mnnitcentral.Talktillyou
ADDED from src\main\AndroidManifest.xml:38:9-49
	android:name
		ADDED from src\main\AndroidManifest.xml:38:19-46
activity#com.npdevs.mnnitcentral.PoetrySlam
ADDED from src\main\AndroidManifest.xml:39:9-48
	android:name
		ADDED from src\main\AndroidManifest.xml:39:19-45
activity#com.npdevs.mnnitcentral.Motley
ADDED from src\main\AndroidManifest.xml:40:9-44
	android:name
		ADDED from src\main\AndroidManifest.xml:40:19-41
activity#com.npdevs.mnnitcentral.Lacuzzi
ADDED from src\main\AndroidManifest.xml:41:9-45
	android:name
		ADDED from src\main\AndroidManifest.xml:41:19-42
activity#com.npdevs.mnnitcentral.Hasykosh
ADDED from src\main\AndroidManifest.xml:42:9-46
	android:name
		ADDED from src\main\AndroidManifest.xml:42:19-43
activity#com.npdevs.mnnitcentral.CulravDebate
ADDED from src\main\AndroidManifest.xml:43:9-50
	android:name
		ADDED from src\main\AndroidManifest.xml:43:19-47
activity#com.npdevs.mnnitcentral.Stallmart1
ADDED from src\main\AndroidManifest.xml:44:9-48
	android:name
		ADDED from src\main\AndroidManifest.xml:44:19-45
activity#com.npdevs.mnnitcentral.Navachar
ADDED from src\main\AndroidManifest.xml:45:9-46
	android:name
		ADDED from src\main\AndroidManifest.xml:45:19-43
activity#com.npdevs.mnnitcentral.ChanakyaNeeti
ADDED from src\main\AndroidManifest.xml:46:9-51
	android:name
		ADDED from src\main\AndroidManifest.xml:46:19-48
activity#com.npdevs.mnnitcentral.RubixCube
ADDED from src\main\AndroidManifest.xml:47:9-47
	android:name
		ADDED from src\main\AndroidManifest.xml:47:19-44
activity#com.npdevs.mnnitcentral.PubgMobile
ADDED from src\main\AndroidManifest.xml:48:9-48
	android:name
		ADDED from src\main\AndroidManifest.xml:48:19-45
activity#com.npdevs.mnnitcentral.MostWanted
ADDED from src\main\AndroidManifest.xml:49:9-48
	android:name
		ADDED from src\main\AndroidManifest.xml:49:19-45
activity#com.npdevs.mnnitcentral.Fifa
ADDED from src\main\AndroidManifest.xml:50:9-42
	android:name
		ADDED from src\main\AndroidManifest.xml:50:19-39
activity#com.npdevs.mnnitcentral.Dota2
ADDED from src\main\AndroidManifest.xml:51:9-43
	android:name
		ADDED from src\main\AndroidManifest.xml:51:19-40
activity#com.npdevs.mnnitcentral.ClueQuest
ADDED from src\main\AndroidManifest.xml:52:9-47
	android:name
		ADDED from src\main\AndroidManifest.xml:52:19-44
activity#com.npdevs.mnnitcentral.CentralDogma
ADDED from src\main\AndroidManifest.xml:53:9-50
	android:name
		ADDED from src\main\AndroidManifest.xml:53:19-47
activity#com.npdevs.mnnitcentral.Palladin
ADDED from src\main\AndroidManifest.xml:54:9-46
	android:name
		ADDED from src\main\AndroidManifest.xml:54:19-43
activity#com.npdevs.mnnitcentral.Quintathlon
ADDED from src\main\AndroidManifest.xml:55:9-49
	android:name
		ADDED from src\main\AndroidManifest.xml:55:19-46
activity#com.npdevs.mnnitcentral.Innodev
ADDED from src\main\AndroidManifest.xml:56:9-45
	android:name
		ADDED from src\main\AndroidManifest.xml:56:19-42
activity#com.npdevs.mnnitcentral.ImpromptuActivity
ADDED from src\main\AndroidManifest.xml:57:9-55
	android:name
		ADDED from src\main\AndroidManifest.xml:57:19-52
activity#com.npdevs.mnnitcentral.fgpa
ADDED from src\main\AndroidManifest.xml:58:9-42
	android:name
		ADDED from src\main\AndroidManifest.xml:58:19-39
activity#com.npdevs.mnnitcentral.EmbeddedDesign
ADDED from src\main\AndroidManifest.xml:59:9-52
	android:name
		ADDED from src\main\AndroidManifest.xml:59:19-49
activity#com.npdevs.mnnitcentral.ComboMagic
ADDED from src\main\AndroidManifest.xml:60:9-48
	android:name
		ADDED from src\main\AndroidManifest.xml:60:19-45
activity#com.npdevs.mnnitcentral.Codotron
ADDED from src\main\AndroidManifest.xml:61:9-46
	android:name
		ADDED from src\main\AndroidManifest.xml:61:19-43
activity#com.npdevs.mnnitcentral.MessUserMenu
ADDED from src\main\AndroidManifest.xml:62:9-50
	android:name
		ADDED from src\main\AndroidManifest.xml:62:19-47
activity#com.npdevs.mnnitcentral.MessUserSkip
ADDED from src\main\AndroidManifest.xml:63:9-50
	android:name
		ADDED from src\main\AndroidManifest.xml:63:19-47
activity#com.npdevs.mnnitcentral.MessUserFeedback
ADDED from src\main\AndroidManifest.xml:64:9-54
	android:name
		ADDED from src\main\AndroidManifest.xml:64:19-51
activity#com.npdevs.mnnitcentral.Feedback
ADDED from src\main\AndroidManifest.xml:65:9-46
	android:name
		ADDED from src\main\AndroidManifest.xml:65:19-43
activity#com.npdevs.mnnitcentral.MessMenu
ADDED from src\main\AndroidManifest.xml:66:9-46
	android:name
		ADDED from src\main\AndroidManifest.xml:66:19-43
activity#com.npdevs.mnnitcentral.MessAdmin
ADDED from src\main\AndroidManifest.xml:67:9-47
	android:name
		ADDED from src\main\AndroidManifest.xml:67:19-44
activity#com.npdevs.mnnitcentral.Spandan
ADDED from src\main\AndroidManifest.xml:68:9-45
	android:name
		ADDED from src\main\AndroidManifest.xml:68:19-42
activity#com.npdevs.mnnitcentral.Razzmatazz
ADDED from src\main\AndroidManifest.xml:69:9-48
	android:name
		ADDED from src\main\AndroidManifest.xml:69:19-45
activity#com.npdevs.mnnitcentral.Rangsazzi
ADDED from src\main\AndroidManifest.xml:70:9-47
	android:name
		ADDED from src\main\AndroidManifest.xml:70:19-44
activity#com.npdevs.mnnitcentral.Rangmanch
ADDED from src\main\AndroidManifest.xml:71:9-47
	android:name
		ADDED from src\main\AndroidManifest.xml:71:19-44
activity#com.npdevs.mnnitcentral.Litmuse
ADDED from src\main\AndroidManifest.xml:72:9-45
	android:name
		ADDED from src\main\AndroidManifest.xml:72:19-42
activity#com.npdevs.mnnitcentral.StandStill
ADDED from src\main\AndroidManifest.xml:73:9-48
	android:name
		ADDED from src\main\AndroidManifest.xml:73:19-45
activity#com.npdevs.mnnitcentral.PhotoWalk
ADDED from src\main\AndroidManifest.xml:74:9-47
	android:name
		ADDED from src\main\AndroidManifest.xml:74:19-44
activity#com.npdevs.mnnitcentral.OnceUpon
ADDED from src\main\AndroidManifest.xml:75:9-46
	android:name
		ADDED from src\main\AndroidManifest.xml:75:19-43
activity#com.npdevs.mnnitcentral.IdentifyStroke
ADDED from src\main\AndroidManifest.xml:76:9-52
	android:name
		ADDED from src\main\AndroidManifest.xml:76:19-49
activity#com.npdevs.mnnitcentral.Exhibition
ADDED from src\main\AndroidManifest.xml:77:9-48
	android:name
		ADDED from src\main\AndroidManifest.xml:77:19-45
activity#com.npdevs.mnnitcentral.Making
ADDED from src\main\AndroidManifest.xml:78:9-44
	android:name
		ADDED from src\main\AndroidManifest.xml:78:19-41
activity#com.npdevs.mnnitcentral.Darkroom
ADDED from src\main\AndroidManifest.xml:79:9-46
	android:name
		ADDED from src\main\AndroidManifest.xml:79:19-43
activity#com.npdevs.mnnitcentral.VoiceOfCulrav
ADDED from src\main\AndroidManifest.xml:80:9-51
	android:name
		ADDED from src\main\AndroidManifest.xml:80:19-48
activity#com.npdevs.mnnitcentral.Rocktave
ADDED from src\main\AndroidManifest.xml:81:9-46
	android:name
		ADDED from src\main\AndroidManifest.xml:81:19-43
activity#com.npdevs.mnnitcentral.Harmony
ADDED from src\main\AndroidManifest.xml:82:9-45
	android:name
		ADDED from src\main\AndroidManifest.xml:82:19-42
activity#com.npdevs.mnnitcentral.Goat
ADDED from src\main\AndroidManifest.xml:83:9-42
	android:name
		ADDED from src\main\AndroidManifest.xml:83:19-39
activity#com.npdevs.mnnitcentral.Euphony
ADDED from src\main\AndroidManifest.xml:84:9-45
	android:name
		ADDED from src\main\AndroidManifest.xml:84:19-42
activity#com.npdevs.mnnitcentral.Annunad
ADDED from src\main\AndroidManifest.xml:85:9-45
	android:name
		ADDED from src\main\AndroidManifest.xml:85:19-42
service#com.npdevs.mnnitcentral.push_notification
ADDED from src\main\AndroidManifest.xml:87:9-89:40
	android:exported
		ADDED from src\main\AndroidManifest.xml:89:13-37
	android:name
		ADDED from src\main\AndroidManifest.xml:88:13-46
receiver#com.npdevs.mnnitcentral.AlarmReciever
ADDED from src\main\AndroidManifest.xml:91:9-93:41
	android:process
		ADDED from src\main\AndroidManifest.xml:93:13-38
	android:name
		ADDED from src\main\AndroidManifest.xml:92:13-42
receiver#com.npdevs.mnnitcentral.BootWakeUp
ADDED from src\main\AndroidManifest.xml:94:9-98:20
	android:name
		ADDED from src\main\AndroidManifest.xml:94:19-45
intent-filter#action:name:android.intent.action.BOOT_COMPLETED
ADDED from src\main\AndroidManifest.xml:95:13-97:29
action#android.intent.action.BOOT_COMPLETED
ADDED from src\main\AndroidManifest.xml:96:17-79
	android:name
		ADDED from src\main\AndroidManifest.xml:96:25-76
meta-data#com.google.android.geo.API_KEY
ADDED from src\main\AndroidManifest.xml:107:9-109:55
	android:value
		ADDED from src\main\AndroidManifest.xml:109:13-52
	android:name
		ADDED from src\main\AndroidManifest.xml:108:13-58
activity#com.npdevs.mnnitcentral.MapsActivity
ADDED from src\main\AndroidManifest.xml:111:9-114:47
	android:label
		ADDED from src\main\AndroidManifest.xml:113:13-56
	android:theme
		ADDED from src\main\AndroidManifest.xml:114:13-44
	android:name
		ADDED from src\main\AndroidManifest.xml:112:13-41
activity#com.npdevs.mnnitcentral.Webster
ADDED from src\main\AndroidManifest.xml:115:9-45
	android:name
		ADDED from src\main\AndroidManifest.xml:115:19-42
activity#com.npdevs.mnnitcentral.Tuxwars
ADDED from src\main\AndroidManifest.xml:116:9-45
	android:name
		ADDED from src\main\AndroidManifest.xml:116:19-42
activity#com.npdevs.mnnitcentral.Sphinx
ADDED from src\main\AndroidManifest.xml:117:9-44
	android:name
		ADDED from src\main\AndroidManifest.xml:117:19-41
activity#com.npdevs.mnnitcentral.Softathalon
ADDED from src\main\AndroidManifest.xml:118:9-49
	android:name
		ADDED from src\main\AndroidManifest.xml:118:19-46
activity#com.npdevs.mnnitcentral.Softabliz
ADDED from src\main\AndroidManifest.xml:119:9-47
	android:name
		ADDED from src\main\AndroidManifest.xml:119:19-44
activity#com.npdevs.mnnitcentral.Revengg
ADDED from src\main\AndroidManifest.xml:120:9-45
	android:name
		ADDED from src\main\AndroidManifest.xml:120:19-42
activity#com.npdevs.mnnitcentral.Operamania
ADDED from src\main\AndroidManifest.xml:121:9-48
	android:name
		ADDED from src\main\AndroidManifest.xml:121:19-45
activity#com.npdevs.mnnitcentral.LogicalRythum
ADDED from src\main\AndroidManifest.xml:122:9-51
	android:name
		ADDED from src\main\AndroidManifest.xml:122:19-48
activity#com.npdevs.mnnitcentral.Insomania
ADDED from src\main\AndroidManifest.xml:123:9-47
	android:name
		ADDED from src\main\AndroidManifest.xml:123:19-44
activity#com.npdevs.mnnitcentral.Droidrust
ADDED from src\main\AndroidManifest.xml:124:9-47
	android:name
		ADDED from src\main\AndroidManifest.xml:124:19-44
activity#com.npdevs.mnnitcentral.CodeOfTheDay
ADDED from src\main\AndroidManifest.xml:125:9-50
	android:name
		ADDED from src\main\AndroidManifest.xml:125:19-47
activity#com.npdevs.mnnitcentral.Contrihub
ADDED from src\main\AndroidManifest.xml:126:9-47
	android:name
		ADDED from src\main\AndroidManifest.xml:126:19-44
activity#com.npdevs.mnnitcentral.Robomania
ADDED from src\main\AndroidManifest.xml:127:9-47
	android:name
		ADDED from src\main\AndroidManifest.xml:127:19-44
activity#com.npdevs.mnnitcentral.Rasayan
ADDED from src\main\AndroidManifest.xml:128:9-45
	android:name
		ADDED from src\main\AndroidManifest.xml:128:19-42
activity#com.npdevs.mnnitcentral.Powersurge
ADDED from src\main\AndroidManifest.xml:129:9-48
	android:name
		ADDED from src\main\AndroidManifest.xml:129:19-45
activity#com.npdevs.mnnitcentral.Oligopoly
ADDED from src\main\AndroidManifest.xml:130:9-47
	android:name
		ADDED from src\main\AndroidManifest.xml:130:19-44
activity#com.npdevs.mnnitcentral.Nirman
ADDED from src\main\AndroidManifest.xml:131:9-44
	android:name
		ADDED from src\main\AndroidManifest.xml:131:19-41
activity#com.npdevs.mnnitcentral.Monopoly
ADDED from src\main\AndroidManifest.xml:132:9-46
	android:name
		ADDED from src\main\AndroidManifest.xml:132:19-43
activity#com.npdevs.mnnitcentral.Kreedomania
ADDED from src\main\AndroidManifest.xml:133:9-49
	android:name
		ADDED from src\main\AndroidManifest.xml:133:19-46
activity#com.npdevs.mnnitcentral.Genesis
ADDED from src\main\AndroidManifest.xml:134:9-45
	android:name
		ADDED from src\main\AndroidManifest.xml:134:19-42
activity#com.npdevs.mnnitcentral.Electromania
ADDED from src\main\AndroidManifest.xml:135:9-50
	android:name
		ADDED from src\main\AndroidManifest.xml:135:19-47
activity#com.npdevs.mnnitcentral.Cyberquest
ADDED from src\main\AndroidManifest.xml:136:9-48
	android:name
		ADDED from src\main\AndroidManifest.xml:136:19-45
activity#com.npdevs.mnnitcentral.Aerdynamix
ADDED from src\main\AndroidManifest.xml:137:9-48
	android:name
		ADDED from src\main\AndroidManifest.xml:137:19-45
activity#com.npdevs.mnnitcentral.Clubs
ADDED from src\main\AndroidManifest.xml:138:9-43
	android:name
		ADDED from src\main\AndroidManifest.xml:138:19-40
activity#com.npdevs.mnnitcentral.Annual
ADDED from src\main\AndroidManifest.xml:139:9-44
	android:name
		ADDED from src\main\AndroidManifest.xml:139:19-41
activity#com.npdevs.mnnitcentral.Renaissance
ADDED from src\main\AndroidManifest.xml:140:9-49
	android:name
		ADDED from src\main\AndroidManifest.xml:140:19-46
activity#com.npdevs.mnnitcentral.Prosang
ADDED from src\main\AndroidManifest.xml:141:9-45
	android:name
		ADDED from src\main\AndroidManifest.xml:141:19-42
activity#com.npdevs.mnnitcentral.Eloquence
ADDED from src\main\AndroidManifest.xml:142:9-47
	android:name
		ADDED from src\main\AndroidManifest.xml:142:19-44
activity#com.npdevs.mnnitcentral.Culrav
ADDED from src\main\AndroidManifest.xml:143:9-44
	android:name
		ADDED from src\main\AndroidManifest.xml:143:19-41
activity#com.npdevs.mnnitcentral.Avishkar
ADDED from src\main\AndroidManifest.xml:144:9-46
	android:name
		ADDED from src\main\AndroidManifest.xml:144:19-43
activity#com.npdevs.mnnitcentral.EventSupport
ADDED from src\main\AndroidManifest.xml:145:9-50
	android:name
		ADDED from src\main\AndroidManifest.xml:145:19-47
activity#com.npdevs.mnnitcentral.MessSupport
ADDED from src\main\AndroidManifest.xml:146:9-49
	android:name
		ADDED from src\main\AndroidManifest.xml:146:19-46
activity#com.npdevs.mnnitcentral.Front
ADDED from src\main\AndroidManifest.xml:147:9-43
	android:name
		ADDED from src\main\AndroidManifest.xml:147:19-40
activity#com.npdevs.mnnitcentral.Register
ADDED from src\main\AndroidManifest.xml:148:9-46
	android:name
		ADDED from src\main\AndroidManifest.xml:148:19-43
activity#com.npdevs.mnnitcentral.MainActivity
ADDED from src\main\AndroidManifest.xml:149:9-155:20
	android:name
		ADDED from src\main\AndroidManifest.xml:149:19-47
intent-filter#action:name:android.intent.action.MAIN+category:name:android.intent.category.LAUNCHER
ADDED from src\main\AndroidManifest.xml:150:13-154:29
action#android.intent.action.MAIN
ADDED from src\main\AndroidManifest.xml:151:17-69
	android:name
		ADDED from src\main\AndroidManifest.xml:151:25-66
category#android.intent.category.LAUNCHER
ADDED from src\main\AndroidManifest.xml:153:17-77
	android:name
		ADDED from src\main\AndroidManifest.xml:153:27-74
uses-sdk
INJECTED from src\main\AndroidManifest.xml reason: use-sdk injection requested
INJECTED from src\main\AndroidManifest.xml
INJECTED from src\main\AndroidManifest.xml